<?xml version="1.0" encoding="UTF-8"?>
<!-- Generated by org.testng.reporters.JUnitReportReporter -->
<testsuite skipped="0" hostname="Lenovo-IdeaPad-S145-15IKB" name="com.aesis.test.event_record.AddEventRecordsTest" tests="1" failures="0" timestamp="2023-05-27T21:09:43 IST" time="41.645" errors="0">
  <testcase name="aesisEventRecord" time="41.645" classname="com.aesis.test.event_record.AddEventRecordsTest"/>
  <system-out>
    <![CDATA[verifyToSelectMyStudent
verifyToSelectThomasSmithStudent
verifySelectEventTab
verifyClickOnPlusIcon
verifyAddEventRecord
verifySelectCategory
verifySelectComment
verifyActionneeded_Taken
verifyInternalNotes
verifySelectRepotedDate
VerifySaveEventRecords]]>
  </system-out>
</testsuite> <!-- com.aesis.test.event_record.AddEventRecordsTest -->
