<?xml version="1.0" encoding="UTF-8"?>
<!-- Generated by org.testng.reporters.JUnitReportReporter -->
<testsuite skipped="0" hostname="Lenovo-IdeaPad-S145-15IKB" name="com.aesis.test.medical_records.AddMedicalRecordsTest" tests="1" failures="0" timestamp="2023-05-27T21:09:43 IST" time="88.295" errors="0">
  <testcase name="aesisAddMedicalrecordTest" time="88.295" classname="com.aesis.test.medical_records.AddMedicalRecordsTest"/>
  <system-out>
    <![CDATA[setAesisLoginPageUsername
setAesisLoginPagePassword
clickAesisLoginPagebutton
clickOnContinuebutton
verifyToSelectMyStudent
verifyToSelectThomasSmithStudent
verifySelectMedicalTab
verifyClickOnPlusIcon
verifyAddMedicalRecord
verifySelectCategory
verifySelectName
verifySelectRepotedDate
verifySelectRepotedDate
verifyToAddFileuploading
VerifySaveMedicalRecords]]>
  </system-out>
</testsuite> <!-- com.aesis.test.medical_records.AddMedicalRecordsTest -->
