<?xml version="1.0" encoding="UTF-8"?>
<!-- Generated by org.testng.reporters.JUnitReportReporter -->
<testsuite skipped="0" hostname="Lenovo-IdeaPad-S145-15IKB" name="com.aesis.test.replace_profile_photo.ReplaceProfilePhotoTest" tests="1" failures="0" timestamp="2023-05-27T21:09:43 IST" time="19.548" errors="0">
  <testcase name="aesisReplaceProfilePhoto" time="19.548" classname="com.aesis.test.replace_profile_photo.ReplaceProfilePhotoTest"/>
  <system-out>
    <![CDATA[verifyToSelectMyStudent
verifyToSelectThomasSmithStudent
verifySelectAccountTab
verifyToReplaceProfile]]>
  </system-out>
</testsuite> <!-- com.aesis.test.replace_profile_photo.ReplaceProfilePhotoTest -->
